TN:
SF:/Users/cjhorton/src/rev/dcm/dcm_web/render-server/.mocha/setup/index.js
FNF:0
FNH:0
DA:1,1
DA:2,1
DA:3,1
LF:3
LH:3
BRF:0
BRH:0
end_of_record
TN:
SF:/Users/cjhorton/src/rev/dcm/dcm_web/render-server/.mocha/setup/setup.js
FN:6,setup
FN:13,createDOM
FN:20,(anonymous_3)
FN:27,configureChai
FN:32,configureEnzyme
FN:38,configurePropValidationErrors
FN:40,(anonymous_7)
FNF:7
FNH:7
FNDA:1,setup
FNDA:1,createDOM
FNDA:82,(anonymous_3)
FNDA:1,configureChai
FNDA:1,configureEnzyme
FNDA:1,configurePropValidationErrors
FNDA:2,(anonymous_7)
DA:1,1
DA:2,1
DA:3,1
DA:4,1
DA:7,1
DA:8,1
DA:9,1
DA:10,1
DA:14,1
DA:15,1
DA:16,1
DA:20,1
DA:21,82
DA:22,62
DA:28,1
DA:29,1
DA:33,1
DA:34,1
DA:35,1
DA:39,1
DA:40,2
DA:41,2
DA:42,0
DA:44,2
LF:24
LH:23
BRDA:21,0,0,62
BRDA:21,0,1,20
BRDA:41,1,0,0
BRDA:41,1,1,2
BRF:4
BRH:3
end_of_record
TN:
SF:/Users/cjhorton/src/rev/dcm/dcm_web/render-server/src/js/app/brokerages/shape.js
FNF:0
FNH:0
DA:1,1
DA:3,1
LF:2
LH:2
BRF:0
BRH:0
end_of_record
TN:
SF:/Users/cjhorton/src/rev/dcm/dcm_web/render-server/src/js/app/brokerages/components/EditForm.js
FN:17,BrokerEditForm
FN:31,(anonymous_9)
FN:35,(anonymous_10)
FNF:3
FNH:2
FNDA:5,BrokerEditForm
FNDA:1,(anonymous_9)
FNDA:0,(anonymous_10)
DA:1,1
DA:2,1
DA:3,1
DA:4,1
DA:5,1
DA:6,1
DA:7,1
DA:8,1
DA:9,1
DA:10,1
DA:11,1
DA:12,1
DA:13,1
DA:14,1
DA:17,25
DA:19,5
DA:26,12
DA:28,12
DA:32,1
DA:36,0
DA:39,30
DA:40,6
DA:41,6
DA:42,6
DA:43,6
DA:45,6
DA:141,1
LF:27
LH:26
BRDA:17,0,0,5
BRDA:17,0,1,0
BRDA:52,1,0,6
BRDA:52,1,1,6
BRF:4
BRH:3
end_of_record
